Using pre-set license
Built from '2020.3/release' branch; Version is '2020.3.2f1 (8fd9074bf66c) revision 9427207'; Using compiler version '192528614'; Build Type 'Release'
OS: 'Windows 10 Pro; OS build 14393.2214; Version 1607; 64bit' Language: 'ru' Physical Memory: 15815 MB
BatchMode: 1, IsHumanControllingUs: 0, StartBugReporterOnCrash: 0, Is64bit: 1, IsPro: 0

 COMMAND LINE ARGUMENTS:
C:\Program Files\Unity\Hub\Editor\2020.3.2f1\Editor\Unity.exe
-adb2
-batchMode
-noUpm
-name
AssetImportWorker0
-projectPath
D:/AnotherShooterBitesTheDust/AnotherShooterBitesTheDust
-logFile
Logs/AssetImportWorker0.log
-srvPort
64566
Successfully changed project path to: D:/AnotherShooterBitesTheDust/AnotherShooterBitesTheDust
D:/AnotherShooterBitesTheDust/AnotherShooterBitesTheDust
Using Asset Import Pipeline V2.
Refreshing native plugins compatible for Editor in 44.20 ms, found 0 plugins.
Preloading 0 native plugins for Editor in 0.00 ms.
Initialize engine version: 2020.3.2f1 (8fd9074bf66c)
[Subsystems] Discovering subsystems at path C:/Program Files/Unity/Hub/Editor/2020.3.2f1/Editor/Data/Resources/UnitySubsystems
[Subsystems] Discovering subsystems at path D:/AnotherShooterBitesTheDust/AnotherShooterBitesTheDust/Assets
GfxDevice: creating device client; threaded=0
Direct3D:
    Version:  Direct3D 11.0 [level 11.1]
    Renderer: NVIDIA GeForce GTX 1050 Ti (ID=0x1c82)
    Vendor:   
    VRAM:     4020 MB
    Driver:   23.21.13.9135
Initialize mono
Mono path[0] = 'C:/Program Files/Unity/Hub/Editor/2020.3.2f1/Editor/Data/Managed'
Mono path[1] = 'C:/Program Files/Unity/Hub/Editor/2020.3.2f1/Editor/Data/MonoBleedingEdge/lib/mono/unityjit'
Mono config path = 'C:/Program Files/Unity/Hub/Editor/2020.3.2f1/Editor/Data/MonoBleedingEdge/etc'
Using monoOptions --debugger-agent=transport=dt_socket,embedding=1,server=y,suspend=n,address=127.0.0.1:56156
Begin MonoManager ReloadAssembly
Registering precompiled unity dll's ...
Register platform support module: C:/Program Files/Unity/Hub/Editor/2020.3.2f1/Editor/Data/PlaybackEngines/WindowsStandaloneSupport/UnityEditor.WindowsStandalone.Extensions.dll
Registered in 0.001483 seconds.
Native extension for WindowsStandalone target not found
Refreshing native plugins compatible for Editor in 45.52 ms, found 0 plugins.
Preloading 0 native plugins for Editor in 0.00 ms.
Invoked RoslynAnalysisRunner static constructor.
RoslynAnalysisRunner will not be running.
RoslynAnalysisRunner has terminated.
Mono: successfully reloaded assembly
- Completed reload, in  1.806 seconds
Platform modules already initialized, skipping
Registering precompiled user dll's ...
Registered in 0.000932 seconds.
Begin MonoManager ReloadAssembly
Native extension for WindowsStandalone target not found
Refreshing native plugins compatible for Editor in 48.37 ms, found 0 plugins.
Preloading 0 native plugins for Editor in 0.00 ms.
Invoked RoslynAnalysisRunner static constructor.
RoslynAnalysisRunner will not be running.
RoslynAnalysisRunner has terminated.
Mono: successfully reloaded assembly
- Completed reload, in  1.006 seconds
Platform modules already initialized, skipping
========================================================================
Worker process is ready to serve import requests
Shader 'Universal Render Pipeline/Particles/Lit': fallback shader 'Universal Render Pipeline/Particles/SimpleLit' not found
Shader 'Universal Render Pipeline/Particles/Lit': fallback shader 'Universal Render Pipeline/Particles/SimpleLit' not found
Launched and connected shader compiler UnityShaderCompiler.exe after 0.02 seconds
Refreshing native plugins compatible for Editor in 0.83 ms, found 0 plugins.
Preloading 0 native plugins for Editor in 0.00 ms.
Unloading 2425 Unused Serialized files (Serialized files now loaded: 0)
System memory in use before: 114.7 MB.
System memory in use after: 111.9 MB.

Unloading 46 unused Assets to reduce memory usage. Loaded Objects now: 2839.
Total: 3.788074 ms (FindLiveObjects: 0.300535 ms CreateObjectMapping: 0.061254 ms MarkObjects: 1.871406 ms  DeleteObjects: 1.553672 ms)

========================================================================
Received Import Request.
  path: ProjectSettings/TagManager.asset
  artifactKey: Guid(00000000000000003000000000000000) Importer(815301076,1909f56bfc062723c751e8b465ee728b)
Start importing ProjectSettings/TagManager.asset using Guid(00000000000000003000000000000000) Importer(815301076,1909f56bfc062723c751e8b465ee728b)  -> (artifact id: '52a8824fd188db394d570e0452082dee') in 0.037354 seconds
  Import took 0.044127 seconds .

========================================================================
Received Import Request.
  Time since last request: 0.000548 seconds.
  path: ProjectSettings/TagManager.asset
  artifactKey: Guid(00000000000000003000000000000000) Importer(815301076,1909f56bfc062723c751e8b465ee728b)
Start importing ProjectSettings/TagManager.asset using Guid(00000000000000003000000000000000) Importer(815301076,1909f56bfc062723c751e8b465ee728b)  -> (artifact id: '52a8824fd188db394d570e0452082dee') in 0.002574 seconds
  Import took 0.006012 seconds .

========================================================================
Received Prepare
Registering precompiled user dll's ...
Registered in 0.001203 seconds.
Begin MonoManager ReloadAssembly
Native extension for WindowsStandalone target not found
Refreshing native plugins compatible for Editor in 0.56 ms, found 0 plugins.
Preloading 0 native plugins for Editor in 0.00 ms.
Invoked RoslynAnalysisRunner static constructor.
RoslynAnalysisRunner will not be running.
RoslynAnalysisRunner has terminated.
Mono: successfully reloaded assembly
- Completed reload, in  0.984 seconds
Platform modules already initialized, skipping
Shader 'Universal Render Pipeline/Particles/Lit': fallback shader 'Universal Render Pipeline/Particles/SimpleLit' not found
Shader 'Universal Render Pipeline/Particles/Lit': fallback shader 'Universal Render Pipeline/Particles/SimpleLit' not found
Refreshing native plugins compatible for Editor in 0.61 ms, found 0 plugins.
Preloading 0 native plugins for Editor in 0.00 ms.
Unloading 2352 Unused Serialized files (Serialized files now loaded: 0)
System memory in use before: 111.3 MB.
System memory in use after: 108.5 MB.

Unloading 43 unused Assets to reduce memory usage. Loaded Objects now: 2842.
Total: 7.334453 ms (FindLiveObjects: 0.480072 ms CreateObjectMapping: 0.126430 ms MarkObjects: 3.848724 ms  DeleteObjects: 2.877114 ms)

========================================================================
Received Prepare
Registering precompiled user dll's ...
Registered in 0.001038 seconds.
Begin MonoManager ReloadAssembly
Native extension for WindowsStandalone target not found
Refreshing native plugins compatible for Editor in 0.45 ms, found 0 plugins.
Preloading 0 native plugins for Editor in 0.00 ms.
Invoked RoslynAnalysisRunner static constructor.
RoslynAnalysisRunner will not be running.
RoslynAnalysisRunner has terminated.
Mono: successfully reloaded assembly
- Completed reload, in  0.984 seconds
Platform modules already initialized, skipping
Shader 'Universal Render Pipeline/Particles/Lit': fallback shader 'Universal Render Pipeline/Particles/SimpleLit' not found
Shader 'Universal Render Pipeline/Particles/Lit': fallback shader 'Universal Render Pipeline/Particles/SimpleLit' not found
Refreshing native plugins compatible for Editor in 0.54 ms, found 0 plugins.
Preloading 0 native plugins for Editor in 0.00 ms.
Unloading 2352 Unused Serialized files (Serialized files now loaded: 0)
System memory in use before: 111.3 MB.
System memory in use after: 108.6 MB.

Unloading 41 unused Assets to reduce memory usage. Loaded Objects now: 2845.
Total: 5.161304 ms (FindLiveObjects: 0.336141 ms CreateObjectMapping: 0.069099 ms MarkObjects: 2.934747 ms  DeleteObjects: 1.817998 ms)

========================================================================
Received Prepare
Registering precompiled user dll's ...
Registered in 0.000973 seconds.
Begin MonoManager ReloadAssembly
Native extension for WindowsStandalone target not found
Refreshing native plugins compatible for Editor in 0.45 ms, found 0 plugins.
Preloading 0 native plugins for Editor in 0.00 ms.
Invoked RoslynAnalysisRunner static constructor.
RoslynAnalysisRunner will not be running.
RoslynAnalysisRunner has terminated.
Mono: successfully reloaded assembly
- Completed reload, in  0.884 seconds
Platform modules already initialized, skipping
Shader 'Universal Render Pipeline/Particles/Lit': fallback shader 'Universal Render Pipeline/Particles/SimpleLit' not found
Shader 'Universal Render Pipeline/Particles/Lit': fallback shader 'Universal Render Pipeline/Particles/SimpleLit' not found
Refreshing native plugins compatible for Editor in 0.46 ms, found 0 plugins.
Preloading 0 native plugins for Editor in 0.00 ms.
Unloading 2352 Unused Serialized files (Serialized files now loaded: 0)
System memory in use before: 111.3 MB.
System memory in use after: 108.6 MB.

Unloading 41 unused Assets to reduce memory usage. Loaded Objects now: 2848.
Total: 6.610573 ms (FindLiveObjects: 0.491840 ms CreateObjectMapping: 0.167467 ms MarkObjects: 3.323391 ms  DeleteObjects: 2.626064 ms)

========================================================================
Received Prepare
Registering precompiled user dll's ...
Registered in 0.001029 seconds.
Begin MonoManager ReloadAssembly
Native extension for WindowsStandalone target not found
Refreshing native plugins compatible for Editor in 0.45 ms, found 0 plugins.
Preloading 0 native plugins for Editor in 0.00 ms.
Invoked RoslynAnalysisRunner static constructor.
RoslynAnalysisRunner will not be running.
RoslynAnalysisRunner has terminated.
Mono: successfully reloaded assembly
- Completed reload, in  0.822 seconds
Platform modules already initialized, skipping
Shader 'Universal Render Pipeline/Particles/Lit': fallback shader 'Universal Render Pipeline/Particles/SimpleLit' not found
Shader 'Universal Render Pipeline/Particles/Lit': fallback shader 'Universal Render Pipeline/Particles/SimpleLit' not found
Refreshing native plugins compatible for Editor in 0.45 ms, found 0 plugins.
Preloading 0 native plugins for Editor in 0.00 ms.
Unloading 2352 Unused Serialized files (Serialized files now loaded: 0)
System memory in use before: 111.3 MB.
System memory in use after: 108.6 MB.

Unloading 41 unused Assets to reduce memory usage. Loaded Objects now: 2851.
Total: 6.031831 ms (FindLiveObjects: 0.420629 ms CreateObjectMapping: 0.167165 ms MarkObjects: 2.579898 ms  DeleteObjects: 2.862329 ms)

========================================================================
Received Prepare
Registering precompiled user dll's ...
Registered in 0.001013 seconds.
Begin MonoManager ReloadAssembly
Native extension for WindowsStandalone target not found
Refreshing native plugins compatible for Editor in 0.71 ms, found 0 plugins.
Preloading 0 native plugins for Editor in 0.00 ms.
Invoked RoslynAnalysisRunner static constructor.
RoslynAnalysisRunner will not be running.
RoslynAnalysisRunner has terminated.
Mono: successfully reloaded assembly
- Completed reload, in  0.816 seconds
Platform modules already initialized, skipping
Shader 'Universal Render Pipeline/Particles/Lit': fallback shader 'Universal Render Pipeline/Particles/SimpleLit' not found
Shader 'Universal Render Pipeline/Particles/Lit': fallback shader 'Universal Render Pipeline/Particles/SimpleLit' not found
Refreshing native plugins compatible for Editor in 0.45 ms, found 0 plugins.
Preloading 0 native plugins for Editor in 0.00 ms.
Unloading 2352 Unused Serialized files (Serialized files now loaded: 0)
System memory in use before: 111.2 MB.
System memory in use after: 108.5 MB.

Unloading 41 unused Assets to reduce memory usage. Loaded Objects now: 2854.
Total: 3.820964 ms (FindLiveObjects: 0.269154 ms CreateObjectMapping: 0.061857 ms MarkObjects: 1.802006 ms  DeleteObjects: 1.686740 ms)

========================================================================
Received Prepare
Registering precompiled user dll's ...
Registered in 0.001577 seconds.
Begin MonoManager ReloadAssembly
Native extension for WindowsStandalone target not found
Refreshing native plugins compatible for Editor in 0.46 ms, found 0 plugins.
Preloading 0 native plugins for Editor in 0.00 ms.
Invoked RoslynAnalysisRunner static constructor.
RoslynAnalysisRunner will not be running.
RoslynAnalysisRunner has terminated.
Mono: successfully reloaded assembly
- Completed reload, in  0.847 seconds
Platform modules already initialized, skipping
Shader 'Universal Render Pipeline/Particles/Lit': fallback shader 'Universal Render Pipeline/Particles/SimpleLit' not found
Shader 'Universal Render Pipeline/Particles/Lit': fallback shader 'Universal Render Pipeline/Particles/SimpleLit' not found
Refreshing native plugins compatible for Editor in 0.57 ms, found 0 plugins.
Preloading 0 native plugins for Editor in 0.00 ms.
Unloading 2352 Unused Serialized files (Serialized files now loaded: 0)
System memory in use before: 111.4 MB.
System memory in use after: 108.6 MB.

Unloading 41 unused Assets to reduce memory usage. Loaded Objects now: 2857.
Total: 6.044806 ms (FindLiveObjects: 0.319545 ms CreateObjectMapping: 0.064271 ms MarkObjects: 3.326710 ms  DeleteObjects: 2.332771 ms)

========================================================================
Received Prepare
Registering precompiled user dll's ...
Registered in 0.001038 seconds.
Begin MonoManager ReloadAssembly
Native extension for WindowsStandalone target not found
Refreshing native plugins compatible for Editor in 0.45 ms, found 0 plugins.
Preloading 0 native plugins for Editor in 0.00 ms.
Invoked RoslynAnalysisRunner static constructor.
RoslynAnalysisRunner will not be running.
RoslynAnalysisRunner has terminated.
Mono: successfully reloaded assembly
- Completed reload, in  0.824 seconds
Platform modules already initialized, skipping
Shader 'Universal Render Pipeline/Particles/Lit': fallback shader 'Universal Render Pipeline/Particles/SimpleLit' not found
Shader 'Universal Render Pipeline/Particles/Lit': fallback shader 'Universal Render Pipeline/Particles/SimpleLit' not found
Refreshing native plugins compatible for Editor in 0.44 ms, found 0 plugins.
Preloading 0 native plugins for Editor in 0.00 ms.
Unloading 2352 Unused Serialized files (Serialized files now loaded: 0)
System memory in use before: 111.3 MB.
System memory in use after: 108.6 MB.

Unloading 41 unused Assets to reduce memory usage. Loaded Objects now: 2860.
Total: 5.203246 ms (FindLiveObjects: 0.277301 ms CreateObjectMapping: 0.063366 ms MarkObjects: 2.757624 ms  DeleteObjects: 2.103446 ms)

========================================================================
Received Prepare
Registering precompiled user dll's ...
Registered in 0.001030 seconds.
Begin MonoManager ReloadAssembly
Native extension for WindowsStandalone target not found
Refreshing native plugins compatible for Editor in 0.46 ms, found 0 plugins.
Preloading 0 native plugins for Editor in 0.00 ms.
Invoked RoslynAnalysisRunner static constructor.
RoslynAnalysisRunner will not be running.
RoslynAnalysisRunner has terminated.
Mono: successfully reloaded assembly
- Completed reload, in  0.820 seconds
Platform modules already initialized, skipping
Shader 'Universal Render Pipeline/Particles/Lit': fallback shader 'Universal Render Pipeline/Particles/SimpleLit' not found
Shader 'Universal Render Pipeline/Particles/Lit': fallback shader 'Universal Render Pipeline/Particles/SimpleLit' not found
Refreshing native plugins compatible for Editor in 0.51 ms, found 0 plugins.
Preloading 0 native plugins for Editor in 0.00 ms.
Unloading 2352 Unused Serialized files (Serialized files now loaded: 0)
System memory in use before: 111.4 MB.
System memory in use after: 108.6 MB.

Unloading 41 unused Assets to reduce memory usage. Loaded Objects now: 2863.
Total: 5.107292 ms (FindLiveObjects: 0.298725 ms CreateObjectMapping: 0.064875 ms MarkObjects: 2.660765 ms  DeleteObjects: 2.081721 ms)

========================================================================
Received Prepare
Registering precompiled user dll's ...
Registered in 0.001491 seconds.
Begin MonoManager ReloadAssembly
Native extension for WindowsStandalone target not found
Refreshing native plugins compatible for Editor in 0.52 ms, found 0 plugins.
Preloading 0 native plugins for Editor in 0.00 ms.
Invoked RoslynAnalysisRunner static constructor.
RoslynAnalysisRunner will not be running.
RoslynAnalysisRunner has terminated.
Mono: successfully reloaded assembly
- Completed reload, in  0.973 seconds
Platform modules already initialized, skipping
Shader 'Universal Render Pipeline/Particles/Lit': fallback shader 'Universal Render Pipeline/Particles/SimpleLit' not found
Shader 'Universal Render Pipeline/Particles/Lit': fallback shader 'Universal Render Pipeline/Particles/SimpleLit' not found
Refreshing native plugins compatible for Editor in 0.52 ms, found 0 plugins.
Preloading 0 native plugins for Editor in 0.00 ms.
Unloading 2352 Unused Serialized files (Serialized files now loaded: 0)
System memory in use before: 111.4 MB.
System memory in use after: 108.7 MB.

Unloading 41 unused Assets to reduce memory usage. Loaded Objects now: 2866.
Total: 6.961801 ms (FindLiveObjects: 0.320752 ms CreateObjectMapping: 0.064271 ms MarkObjects: 3.613064 ms  DeleteObjects: 2.961904 ms)

========================================================================
Received Import Request.
  Time since last request: 1155.667401 seconds.
  path: Assets/Models/Weapons
  artifactKey: Guid(27f3e103549de834d94fd956c0ea88fa) Importer(815301076,1909f56bfc062723c751e8b465ee728b)
Start importing Assets/Models/Weapons using Guid(27f3e103549de834d94fd956c0ea88fa) Importer(815301076,1909f56bfc062723c751e8b465ee728b)  -> (artifact id: 'b9bb5f36cdec002fb0d572b9e43e381b') in 0.015282 seconds
  Import took 0.019580 seconds .

========================================================================
Received Import Request.
  Time since last request: 0.003749 seconds.
  path: Assets/Models/Weapons
  artifactKey: Guid(27f3e103549de834d94fd956c0ea88fa) Importer(815301076,1909f56bfc062723c751e8b465ee728b)
Start importing Assets/Models/Weapons using Guid(27f3e103549de834d94fd956c0ea88fa) Importer(815301076,1909f56bfc062723c751e8b465ee728b)  -> (artifact id: 'b9bb5f36cdec002fb0d572b9e43e381b') in 0.003759 seconds
  Import took 0.007501 seconds .

========================================================================
Received Import Request.
  Time since last request: 58.304731 seconds.
  path: Assets/Models/Weapons/SAIGA-9 (1).fbx
  artifactKey: Guid(3a3aa1de833540f498311449851d31cf) Importer(815301076,1909f56bfc062723c751e8b465ee728b)
Start importing Assets/Models/Weapons/SAIGA-9 (1).fbx using Guid(3a3aa1de833540f498311449851d31cf) Importer(815301076,1909f56bfc062723c751e8b465ee728b)  -> (artifact id: '637378e0d2d68b2318af20246dd04cdd') in 0.341567 seconds
  Import took 0.349073 seconds .

========================================================================
Received Import Request.
  Time since last request: 0.000191 seconds.
  path: Assets/Models/Weapons/SAIGA-9 (3).png
  artifactKey: Guid(4305954ff52c8bd4a82a5bf24cbf34d2) Importer(815301076,1909f56bfc062723c751e8b465ee728b)
Start importing Assets/Models/Weapons/SAIGA-9 (3).png using Guid(4305954ff52c8bd4a82a5bf24cbf34d2) Importer(815301076,1909f56bfc062723c751e8b465ee728b)  -> (artifact id: 'e6a5702af9e613414ed2cc9930384314') in 0.055789 seconds
  Import took 0.059349 seconds .

========================================================================
Received Import Request.
  Time since last request: 0.000162 seconds.
  path: Assets/Models/Weapons/SAIGA-9 (1).png
  artifactKey: Guid(eb4b7e7d7bc37ad4ea08604a832d2bc5) Importer(815301076,1909f56bfc062723c751e8b465ee728b)
Start importing Assets/Models/Weapons/SAIGA-9 (1).png using Guid(eb4b7e7d7bc37ad4ea08604a832d2bc5) Importer(815301076,1909f56bfc062723c751e8b465ee728b)  -> (artifact id: 'b863a4dc16ffa6df2786acd12b97a13f') in 0.017389 seconds
  Import took 0.021185 seconds .

========================================================================
Received Import Request.
  Time since last request: 0.000093 seconds.
  path: Assets/Models/Weapons/SAIGA-9 (2).png
  artifactKey: Guid(ebf7f30be679dc44181926bc2fe3aa2b) Importer(815301076,1909f56bfc062723c751e8b465ee728b)
Start importing Assets/Models/Weapons/SAIGA-9 (2).png using Guid(ebf7f30be679dc44181926bc2fe3aa2b) Importer(815301076,1909f56bfc062723c751e8b465ee728b)  -> (artifact id: 'ae184471478a580b57df6faba5512b93') in 0.019770 seconds
  Import took 0.024300 seconds .

========================================================================
Received Import Request.
  Time since last request: 0.000165 seconds.
  path: Assets/Models/Weapons/SAIGA-9 (4).png
  artifactKey: Guid(40aa04a1a8f328b4f8a23b7eed01e356) Importer(815301076,1909f56bfc062723c751e8b465ee728b)
Start importing Assets/Models/Weapons/SAIGA-9 (4).png using Guid(40aa04a1a8f328b4f8a23b7eed01e356) Importer(815301076,1909f56bfc062723c751e8b465ee728b)  -> (artifact id: 'bee8a140e2893a2049045a03722fc916') in 0.021103 seconds
  Import took 0.025339 seconds .

========================================================================
Received Import Request.
  Time since last request: 4.530374 seconds.
  path: Assets/Models/Weapons/SAIGA-9.fbx
  artifactKey: Guid(3a3aa1de833540f498311449851d31cf) Importer(815301076,1909f56bfc062723c751e8b465ee728b)
Start importing Assets/Models/Weapons/SAIGA-9.fbx using Guid(3a3aa1de833540f498311449851d31cf) Importer(815301076,1909f56bfc062723c751e8b465ee728b)  -> (artifact id: '815ee4e7b94933f68d32380ed143e869') in 0.040220 seconds
  Import took 0.044236 seconds .

========================================================================
Received Import Request.
  Time since last request: 5.931234 seconds.
  path: Assets/Models/Weapons/SAIGA-9.png
  artifactKey: Guid(40aa04a1a8f328b4f8a23b7eed01e356) Importer(815301076,1909f56bfc062723c751e8b465ee728b)
Start importing Assets/Models/Weapons/SAIGA-9.png using Guid(40aa04a1a8f328b4f8a23b7eed01e356) Importer(815301076,1909f56bfc062723c751e8b465ee728b)  -> (artifact id: '3b57811985fba97a80995c1dc233b015') in 0.018987 seconds
  Import took 0.022769 seconds .

========================================================================
Received Import Request.
  Time since last request: 10.860727 seconds.
  path: Assets/Models/Weapons/Tex.png
  artifactKey: Guid(40aa04a1a8f328b4f8a23b7eed01e356) Importer(815301076,1909f56bfc062723c751e8b465ee728b)
Start importing Assets/Models/Weapons/Tex.png using Guid(40aa04a1a8f328b4f8a23b7eed01e356) Importer(815301076,1909f56bfc062723c751e8b465ee728b)  -> (artifact id: '8134e0fecc92ff9982352858e0d2be49') in 0.022335 seconds
  Import took 0.026086 seconds .

========================================================================
Received Import Request.
  Time since last request: 105.730158 seconds.
  path: Assets/Models/Weapons/SAIGA-Material.mat
  artifactKey: Guid(9519870bcfb449c47a98c981355cc197) Importer(815301076,1909f56bfc062723c751e8b465ee728b)
Start importing Assets/Models/Weapons/SAIGA-Material.mat using Guid(9519870bcfb449c47a98c981355cc197) Importer(815301076,1909f56bfc062723c751e8b465ee728b)  -> (artifact id: 'abaa6d808c553875cb13d7939cae209c') in 0.041758 seconds
  Import took 0.046408 seconds .

========================================================================
Received Import Request.
  Time since last request: 4.941157 seconds.
  path: Assets/Models/Weapons/SAIGA-9 (3).png
  artifactKey: Guid(4305954ff52c8bd4a82a5bf24cbf34d2) Importer(815301076,1909f56bfc062723c751e8b465ee728b)
Start importing Assets/Models/Weapons/SAIGA-9 (3).png using Guid(4305954ff52c8bd4a82a5bf24cbf34d2) Importer(815301076,1909f56bfc062723c751e8b465ee728b)  -> (artifact id: '0cf8655952ce03613b905bf040fa5e75') in 0.019995 seconds
  Import took 0.025065 seconds .

========================================================================
Received Import Request.
  Time since last request: 25.321532 seconds.
  path: Assets/Models/Weapons/SAIGA-9_PPK-20_BaseColor.png
  artifactKey: Guid(e4c3df36f1239bb4eb8b6c66e7eab0a4) Importer(815301076,1909f56bfc062723c751e8b465ee728b)
Start importing Assets/Models/Weapons/SAIGA-9_PPK-20_BaseColor.png using Guid(e4c3df36f1239bb4eb8b6c66e7eab0a4) Importer(815301076,1909f56bfc062723c751e8b465ee728b)  -> (artifact id: 'b3dad28aa25b86fa0bd99d1f805779b7') in 0.023868 seconds
  Import took 0.028618 seconds .

========================================================================
Received Import Request.
  Time since last request: 0.000159 seconds.
  path: Assets/Models/Weapons/SAIGA-9_PPK-20_Normal.png
  artifactKey: Guid(447817271b7395447990c84516011ca5) Importer(815301076,1909f56bfc062723c751e8b465ee728b)
Start importing Assets/Models/Weapons/SAIGA-9_PPK-20_Normal.png using Guid(447817271b7395447990c84516011ca5) Importer(815301076,1909f56bfc062723c751e8b465ee728b)  -> (artifact id: 'c1906f0306c4a5b8488a14d65f22396c') in 0.029567 seconds
  Import took 0.032767 seconds .

========================================================================
Received Import Request.
  Time since last request: 0.000203 seconds.
  path: Assets/Models/Weapons/SAIGA-9_PPK-20_Roughness.png
  artifactKey: Guid(2c5dd40d138fe0b4c9d585c8501408cc) Importer(815301076,1909f56bfc062723c751e8b465ee728b)
Start importing Assets/Models/Weapons/SAIGA-9_PPK-20_Roughness.png using Guid(2c5dd40d138fe0b4c9d585c8501408cc) Importer(815301076,1909f56bfc062723c751e8b465ee728b)  -> (artifact id: 'b39026880db2de58dc0d0b50dc2f512b') in 0.022715 seconds
  Import took 0.026652 seconds .

========================================================================
Received Import Request.
  Time since last request: 0.000162 seconds.
  path: Assets/Models/Weapons/SAIGA-9_PPK-20_Metallic.png
  artifactKey: Guid(66417337b2f00b24695abdcb82acb7f3) Importer(815301076,1909f56bfc062723c751e8b465ee728b)
Start importing Assets/Models/Weapons/SAIGA-9_PPK-20_Metallic.png using Guid(66417337b2f00b24695abdcb82acb7f3) Importer(815301076,1909f56bfc062723c751e8b465ee728b)  -> (artifact id: '8a86b28b80a01fdc46dd67b1a8564b8e') in 0.017225 seconds
  Import took 0.020719 seconds .

========================================================================
Received Import Request.
  Time since last request: 46.527267 seconds.
  path: Assets/Models/Weapons/SAIGA-9_PPK-20_Normal.png
  artifactKey: Guid(447817271b7395447990c84516011ca5) Importer(815301076,1909f56bfc062723c751e8b465ee728b)
Start importing Assets/Models/Weapons/SAIGA-9_PPK-20_Normal.png using Guid(447817271b7395447990c84516011ca5) Importer(815301076,1909f56bfc062723c751e8b465ee728b)  -> (artifact id: '242bd1f6267e004d17d2c001f351fc80') in 0.016233 seconds
  Import took 0.022295 seconds .

========================================================================
Received Import Request.
  Time since last request: 92.795402 seconds.
  path: Assets/Models/Weapons/SAIGA-Material.mat
  artifactKey: Guid(9519870bcfb449c47a98c981355cc197) Importer(815301076,1909f56bfc062723c751e8b465ee728b)
Start importing Assets/Models/Weapons/SAIGA-Material.mat using Guid(9519870bcfb449c47a98c981355cc197) Importer(815301076,1909f56bfc062723c751e8b465ee728b)  -> (artifact id: 'c3d4cbc0e0d39d7c856de006da3dc3a3') in 0.034257 seconds
  Import took 0.038855 seconds .

========================================================================
Received Import Request.
  Time since last request: 323.963436 seconds.
  path: Assets/Settings/SampleSceneProfile.asset
  artifactKey: Guid(10fc4df2da32a41aaa32d77bc913491c) Importer(815301076,1909f56bfc062723c751e8b465ee728b)
Start importing Assets/Settings/SampleSceneProfile.asset using Guid(10fc4df2da32a41aaa32d77bc913491c) Importer(815301076,1909f56bfc062723c751e8b465ee728b)  -> (artifact id: '661608f6c1668729ac3ec05e9584717c') in 0.015853 seconds
  Import took 0.021131 seconds .

========================================================================
Received Import Request.
  Time since last request: 0.004120 seconds.
  path: Assets/Settings/SampleSceneProfile.asset
  artifactKey: Guid(10fc4df2da32a41aaa32d77bc913491c) Importer(815301076,1909f56bfc062723c751e8b465ee728b)
Start importing Assets/Settings/SampleSceneProfile.asset using Guid(10fc4df2da32a41aaa32d77bc913491c) Importer(815301076,1909f56bfc062723c751e8b465ee728b)  -> (artifact id: '661608f6c1668729ac3ec05e9584717c') in 0.003745 seconds
  Import took 0.008230 seconds .

========================================================================
Received Import Request.
  Time since last request: 24.726135 seconds.
  path: Assets/Settings/UniversalRP-HighQuality.asset
  artifactKey: Guid(19ba41d7c0026c3459d37c2fe90c55a0) Importer(815301076,1909f56bfc062723c751e8b465ee728b)
Start importing Assets/Settings/UniversalRP-HighQuality.asset using Guid(19ba41d7c0026c3459d37c2fe90c55a0) Importer(815301076,1909f56bfc062723c751e8b465ee728b)  -> (artifact id: '24c9ca054959ffdf3e8d495865f21329') in 0.006807 seconds
  Import took 0.010892 seconds .

========================================================================
Received Import Request.
  Time since last request: 68.169200 seconds.
  path: Assets/Settings/UniversalRP-HighQuality.asset
  artifactKey: Guid(19ba41d7c0026c3459d37c2fe90c55a0) Importer(815301076,1909f56bfc062723c751e8b465ee728b)
Start importing Assets/Settings/UniversalRP-HighQuality.asset using Guid(19ba41d7c0026c3459d37c2fe90c55a0) Importer(815301076,1909f56bfc062723c751e8b465ee728b)  -> (artifact id: '1c730db66627ba3f83e0da1b0aa1dd15') in 0.003166 seconds
  Import took 0.026159 seconds .

========================================================================
Received Import Request.
  Time since last request: 77.882917 seconds.
  path: Assets/Settings/ForwardRenderer.asset
  artifactKey: Guid(4a8e21d5c33334b11b34a596161b9360) Importer(815301076,1909f56bfc062723c751e8b465ee728b)
Start importing Assets/Settings/ForwardRenderer.asset using Guid(4a8e21d5c33334b11b34a596161b9360) Importer(815301076,1909f56bfc062723c751e8b465ee728b)  -> (artifact id: '0cffbf41fa6fa7d7aa8d2faca1cfda42') in 0.007941 seconds
  Import took 0.012579 seconds .

========================================================================
Received Import Request.
  Time since last request: 0.000173 seconds.
  path: Assets/Settings/UniversalRP-HighQuality.asset
  artifactKey: Guid(19ba41d7c0026c3459d37c2fe90c55a0) Importer(815301076,1909f56bfc062723c751e8b465ee728b)
Start importing Assets/Settings/UniversalRP-HighQuality.asset using Guid(19ba41d7c0026c3459d37c2fe90c55a0) Importer(815301076,1909f56bfc062723c751e8b465ee728b)  -> (artifact id: '87371ceb7dd00dd7bc9d5dde98d9c696') in 0.004353 seconds
  Import took 0.010132 seconds .

========================================================================
Received Prepare
Registering precompiled user dll's ...
Registered in 0.001006 seconds.
Begin MonoManager ReloadAssembly
Native extension for WindowsStandalone target not found
Refreshing native plugins compatible for Editor in 0.51 ms, found 0 plugins.
Preloading 0 native plugins for Editor in 0.00 ms.
Invoked RoslynAnalysisRunner static constructor.
RoslynAnalysisRunner will not be running.
RoslynAnalysisRunner has terminated.
Mono: successfully reloaded assembly
- Completed reload, in  0.895 seconds
Platform modules already initialized, skipping
Shader 'Universal Render Pipeline/Particles/Lit': fallback shader 'Universal Render Pipeline/Particles/SimpleLit' not found
Shader 'Universal Render Pipeline/Particles/Lit': fallback shader 'Universal Render Pipeline/Particles/SimpleLit' not found
Refreshing native plugins compatible for Editor in 0.45 ms, found 0 plugins.
Preloading 0 native plugins for Editor in 0.00 ms.
Unloading 2354 Unused Serialized files (Serialized files now loaded: 0)
System memory in use before: 117.1 MB.
System memory in use after: 114.3 MB.

Unloading 41 unused Assets to reduce memory usage. Loaded Objects now: 2956.
Total: 4.865898 ms (FindLiveObjects: 0.454424 ms CreateObjectMapping: 0.093842 ms MarkObjects: 2.564207 ms  DeleteObjects: 1.752520 ms)

========================================================================
Received Prepare
Registering precompiled user dll's ...
Registered in 0.001011 seconds.
Begin MonoManager ReloadAssembly
Native extension for WindowsStandalone target not found
Refreshing native plugins compatible for Editor in 0.42 ms, found 0 plugins.
Preloading 0 native plugins for Editor in 0.00 ms.
Invoked RoslynAnalysisRunner static constructor.
RoslynAnalysisRunner will not be running.
RoslynAnalysisRunner has terminated.
Mono: successfully reloaded assembly
- Completed reload, in  0.858 seconds
Platform modules already initialized, skipping
Shader 'Universal Render Pipeline/Particles/Lit': fallback shader 'Universal Render Pipeline/Particles/SimpleLit' not found
Shader 'Universal Render Pipeline/Particles/Lit': fallback shader 'Universal Render Pipeline/Particles/SimpleLit' not found
Refreshing native plugins compatible for Editor in 0.45 ms, found 0 plugins.
Preloading 0 native plugins for Editor in 0.00 ms.
Unloading 2352 Unused Serialized files (Serialized files now loaded: 0)
System memory in use before: 117.1 MB.
System memory in use after: 114.3 MB.

Unloading 41 unused Assets to reduce memory usage. Loaded Objects now: 2959.
Total: 5.879451 ms (FindLiveObjects: 0.315321 ms CreateObjectMapping: 0.065780 ms MarkObjects: 3.067212 ms  DeleteObjects: 2.429932 ms)

========================================================================
Received Import Request.
  Time since last request: 163.226707 seconds.
  path: Assets/Settings/UniversalRP-HighQuality.asset
  artifactKey: Guid(19ba41d7c0026c3459d37c2fe90c55a0) Importer(815301076,1909f56bfc062723c751e8b465ee728b)
Start importing Assets/Settings/UniversalRP-HighQuality.asset using Guid(19ba41d7c0026c3459d37c2fe90c55a0) Importer(815301076,1909f56bfc062723c751e8b465ee728b)  -> (artifact id: '93f41459443a0c7f059febf16a3e8f7d') in 0.013590 seconds
  Import took 0.017894 seconds .

========================================================================
Received Prepare
Registering precompiled user dll's ...
Registered in 0.001830 seconds.
Begin MonoManager ReloadAssembly
Native extension for WindowsStandalone target not found
Refreshing native plugins compatible for Editor in 0.45 ms, found 0 plugins.
Preloading 0 native plugins for Editor in 0.00 ms.
Invoked RoslynAnalysisRunner static constructor.
RoslynAnalysisRunner will not be running.
RoslynAnalysisRunner has terminated.
Mono: successfully reloaded assembly
- Completed reload, in  0.905 seconds
Platform modules already initialized, skipping
Shader 'Universal Render Pipeline/Particles/Lit': fallback shader 'Universal Render Pipeline/Particles/SimpleLit' not found
Shader 'Universal Render Pipeline/Particles/Lit': fallback shader 'Universal Render Pipeline/Particles/SimpleLit' not found
Refreshing native plugins compatible for Editor in 0.45 ms, found 0 plugins.
Preloading 0 native plugins for Editor in 0.00 ms.
Unloading 2353 Unused Serialized files (Serialized files now loaded: 0)
System memory in use before: 117.1 MB.
System memory in use after: 114.4 MB.

Unloading 41 unused Assets to reduce memory usage. Loaded Objects now: 2963.
Total: 5.561113 ms (FindLiveObjects: 0.314114 ms CreateObjectMapping: 0.065780 ms MarkObjects: 3.110059 ms  DeleteObjects: 2.069953 ms)

========================================================================
Received Import Request.
  Time since last request: 49.270599 seconds.
  path: Assets/Settings/UniversalRP-HighQuality.asset
  artifactKey: Guid(19ba41d7c0026c3459d37c2fe90c55a0) Importer(815301076,1909f56bfc062723c751e8b465ee728b)
Start importing Assets/Settings/UniversalRP-HighQuality.asset using Guid(19ba41d7c0026c3459d37c2fe90c55a0) Importer(815301076,1909f56bfc062723c751e8b465ee728b)  -> (artifact id: '1af9e949458805ea76de2de2ee58cd22') in 0.012221 seconds
  Import took 0.016395 seconds .

========================================================================
Received Prepare
Registering precompiled user dll's ...
Registered in 0.001013 seconds.
Begin MonoManager ReloadAssembly
Native extension for WindowsStandalone target not found
Refreshing native plugins compatible for Editor in 0.45 ms, found 0 plugins.
Preloading 0 native plugins for Editor in 0.00 ms.
Invoked RoslynAnalysisRunner static constructor.
RoslynAnalysisRunner will not be running.
RoslynAnalysisRunner has terminated.
Mono: successfully reloaded assembly
- Completed reload, in  0.870 seconds
Platform modules already initialized, skipping
Shader 'Universal Render Pipeline/Particles/Lit': fallback shader 'Universal Render Pipeline/Particles/SimpleLit' not found
Shader 'Universal Render Pipeline/Particles/Lit': fallback shader 'Universal Render Pipeline/Particles/SimpleLit' not found
Refreshing native plugins compatible for Editor in 0.55 ms, found 0 plugins.
Preloading 0 native plugins for Editor in 0.00 ms.
Unloading 2353 Unused Serialized files (Serialized files now loaded: 0)
System memory in use before: 117.1 MB.
System memory in use after: 114.4 MB.

Unloading 41 unused Assets to reduce memory usage. Loaded Objects now: 2967.
Total: 6.750581 ms (FindLiveObjects: 0.292992 ms CreateObjectMapping: 0.064875 ms MarkObjects: 3.906961 ms  DeleteObjects: 2.483944 ms)

========================================================================
Received Import Request.
  Time since last request: 52.478397 seconds.
  path: Assets/Settings/UniversalRP-HighQuality.asset
  artifactKey: Guid(19ba41d7c0026c3459d37c2fe90c55a0) Importer(815301076,1909f56bfc062723c751e8b465ee728b)
Start importing Assets/Settings/UniversalRP-HighQuality.asset using Guid(19ba41d7c0026c3459d37c2fe90c55a0) Importer(815301076,1909f56bfc062723c751e8b465ee728b)  -> (artifact id: '759855c0455a6e0792c0423cd21b6adc') in 0.015732 seconds
  Import took 0.021008 seconds .

AssetImportWorkerClient::OnTransportError - code=2 error=End of file
